<?xml version="1.0" encoding="UTF-8"?>
<!-- Generated by org.testng.reporters.JUnitReportReporter -->
<testsuite hostname="TVMKVM120723L" name="test.RegressionTestCases" tests="1" failures="0" timestamp="26 Jul 2015 13:40:13 GMT" time="14.316" errors="0">
  <testcase name="verify_user_able_to_Login" time="14.316" classname="test.RegressionTestCases"/>
</testsuite> <!-- test.RegressionTestCases -->
